# JRE version: OpenJDK Runtime Environment Temurin-21.0.8+9 (21.0.8+9) (build 21.0.8+9-LTS)
# Java VM: OpenJDK 64-Bit Server VM Temurin-21.0.8+9 (21.0.8+9-LTS, mixed mode, sharing, tiered, compressed oops, compressed class ptrs, parallel gc, windows-amd64)
GC Precious Log:
 CardTable entry size: 512
 CPUs: 12 total, 12 available
 Memory: 16055M
 Large Page Support: Disabled
 NUMA Support: Disabled
 Compressed Oops: Enabled (32-bit)
 Alignments: Space 512K, Generation 512K, Heap 2M
 Heap Min Capacity: 100M
 Heap Initial Capacity: 100M
 Heap Max Capacity: 2G
 Pre-touch: Disabled
 Parallel Workers: 10
Heap:
 PSYoungGen      total 35840K, used 18812K [0x00000000d5580000, 0x00000000d9700000, 0x0000000100000000)
  eden space 29696K, 63% used [0x00000000d5580000,0x00000000d67df280,0x00000000d7280000)
  from space 6144K, 0% used [0x00000000d7900000,0x00000000d7900000,0x00000000d7f00000)
  to   space 6656K, 0% used [0x00000000d7280000,0x00000000d7280000,0x00000000d7900000)
 ParOldGen       total 254464K, used 254405K [0x0000000080000000, 0x000000008f880000, 0x00000000d5580000)
  object space 254464K, 99% used [0x0000000080000000,0x000000008f871620,0x000000008f880000)
 Metaspace       used 55655K, committed 56960K, reserved 1114112K
  class space    used 6194K, committed 6784K, reserved 1048576K
GC Heap History (20 events):
Event: 21.648 GC heap before
{Heap before GC invocations=91 (full 3):
 PSYoungGen      total 36352K, used 36330K [0x00000000d5580000, 0x00000000d7f00000, 0x0000000100000000)
  eden space 30208K, 100% used [0x00000000d5580000,0x00000000d7300000,0x00000000d7300000)
  from space 6144K, 99% used [0x00000000d7300000,0x00000000d78fa9f8,0x00000000d7900000)
  to   space 6144K, 0% used [0x00000000d7900000,0x00000000d7900000,0x00000000d7f00000)
 ParOldGen       total 224768K, used 224346K [0x0000000080000000, 0x000000008db80000, 0x00000000d5580000)
  object space 224768K, 99% used [0x0000000080000000,0x000000008db16ba8,0x000000008db80000)
 Metaspace       used 55604K, committed 56896K, reserved 1114112K
  class space    used 6194K, committed 6784K, reserved 1048576K
}
Event: 21.663 GC heap after
{Heap after GC invocations=91 (full 3):
 PSYoungGen      total 36352K, used 6115K [0x00000000d5580000, 0x00000000d7f00000, 0x0000000100000000)
  eden space 30208K, 0% used [0x00000000d5580000,0x00000000d5580000,0x00000000d7300000)
  from space 6144K, 99% used [0x00000000d7900000,0x00000000d7ef8f30,0x00000000d7f00000)
  to   space 6144K, 0% used [0x00000000d7300000,0x00000000d7300000,0x00000000d7900000)
 ParOldGen       total 230400K, used 230366K [0x0000000080000000, 0x000000008e100000, 0x00000000d5580000)
  object space 230400K, 99% used [0x0000000080000000,0x000000008e0f7b10,0x000000008e100000)
 Metaspace       used 55604K, committed 56896K, reserved 1114112K
  class space    used 6194K, committed 6784K, reserved 1048576K
}
Event: 21.830 GC heap before
{Heap before GC invocations=92 (full 3):
 PSYoungGen      total 36352K, used 36323K [0x00000000d5580000, 0x00000000d7f00000, 0x0000000100000000)
  eden space 30208K, 100% used [0x00000000d5580000,0x00000000d7300000,0x00000000d7300000)
  from space 6144K, 99% used [0x00000000d7900000,0x00000000d7ef8f30,0x00000000d7f00000)
  to   space 6144K, 0% used [0x00000000d7300000,0x00000000d7300000,0x00000000d7900000)
 ParOldGen       total 230400K, used 230366K [0x0000000080000000, 0x000000008e100000, 0x00000000d5580000)
  object space 230400K, 99% used [0x0000000080000000,0x000000008e0f7b10,0x000000008e100000)
 Metaspace       used 55604K, committed 56896K, reserved 1114112K
  class space    used 6194K, committed 6784K, reserved 1048576K
}
Event: 21.844 GC heap after
{Heap after GC invocations=92 (full 3):
 PSYoungGen      total 36352K, used 36323K [0x00000000d5580000, 0x00000000d7f00000, 0x0000000100000000)
  eden space 30208K, 100% used [0x00000000d5580000,0x00000000d7300000,0x00000000d7300000)
  from space 6144K, 99% used [0x00000000d7900000,0x00000000d7ef8f30,0x00000000d7f00000)
  to   space 6144K, 99% used [0x00000000d7300000,0x00000000d78ff688,0x00000000d7900000)
 ParOldGen       total 232448K, used 232447K [0x0000000080000000, 0x000000008e300000, 0x00000000d5580000)
  object space 232448K, 99% used [0x0000000080000000,0x000000008e2ffda8,0x000000008e300000)
 Metaspace       used 55604K, committed 56896K, reserved 1114112K
  class space    used 6194K, committed 6784K, reserved 1048576K
}
Event: 21.844 GC heap before
{Heap before GC invocations=93 (full 4):
 PSYoungGen      total 36352K, used 36323K [0x00000000d5580000, 0x00000000d7f00000, 0x0000000100000000)
  eden space 30208K, 100% used [0x00000000d5580000,0x00000000d7300000,0x00000000d7300000)
  from space 6144K, 99% used [0x00000000d7900000,0x00000000d7ef8f30,0x00000000d7f00000)
  to   space 6144K, 99% used [0x00000000d7300000,0x00000000d78ff688,0x00000000d7900000)
 ParOldGen       total 232448K, used 232447K [0x0000000080000000, 0x000000008e300000, 0x00000000d5580000)
  object space 232448K, 99% used [0x0000000080000000,0x000000008e2ffda8,0x000000008e300000)
 Metaspace       used 55604K, committed 56896K, reserved 1114112K
  class space    used 6194K, committed 6784K, reserved 1048576K
}
Event: 22.635 GC heap after
{Heap after GC invocations=93 (full 4):
 PSYoungGen      total 36352K, used 0K [0x00000000d5580000, 0x00000000d7f00000, 0x0000000100000000)
  eden space 30208K, 0% used [0x00000000d5580000,0x00000000d5580000,0x00000000d7300000)
  from space 6144K, 0% used [0x00000000d7300000,0x00000000d7300000,0x00000000d7900000)
  to   space 6144K, 0% used [0x00000000d7900000,0x00000000d7900000,0x00000000d7f00000)
 ParOldGen       total 232448K, used 230605K [0x0000000080000000, 0x000000008e300000, 0x00000000d5580000)
  object space 232448K, 99% used [0x0000000080000000,0x000000008e133748,0x000000008e300000)
 Metaspace       used 55604K, committed 56896K, reserved 1114112K
  class space    used 6194K, committed 6784K, reserved 1048576K
}
Event: 22.812 GC heap before
{Heap before GC invocations=94 (full 4):
 PSYoungGen      total 36352K, used 30208K [0x00000000d5580000, 0x00000000d7f00000, 0x0000000100000000)
  eden space 30208K, 100% used [0x00000000d5580000,0x00000000d7300000,0x00000000d7300000)
  from space 6144K, 0% used [0x00000000d7300000,0x00000000d7300000,0x00000000d7900000)
  to   space 6144K, 0% used [0x00000000d7900000,0x00000000d7900000,0x00000000d7f00000)
 ParOldGen       total 232448K, used 230605K [0x0000000080000000, 0x000000008e300000, 0x00000000d5580000)
  object space 232448K, 99% used [0x0000000080000000,0x000000008e133748,0x000000008e300000)
 Metaspace       used 55604K, committed 56896K, reserved 1114112K
  class space    used 6194K, committed 6784K, reserved 1048576K
}
Event: 22.823 GC heap after
{Heap after GC invocations=94 (full 4):
 PSYoungGen      total 36352K, used 6122K [0x00000000d5580000, 0x00000000d7f00000, 0x0000000100000000)
  eden space 30208K, 0% used [0x00000000d5580000,0x00000000d5580000,0x00000000d7300000)
  from space 6144K, 99% used [0x00000000d7900000,0x00000000d7efa808,0x00000000d7f00000)
  to   space 6144K, 0% used [0x00000000d7300000,0x00000000d7300000,0x00000000d7900000)
 ParOldGen       total 232448K, used 231023K [0x0000000080000000, 0x000000008e300000, 0x00000000d5580000)
  object space 232448K, 99% used [0x0000000080000000,0x000000008e19be50,0x000000008e300000)
 Metaspace       used 55604K, committed 56896K, reserved 1114112K
  class space    used 6194K, committed 6784K, reserved 1048576K
}
Event: 22.963 GC heap before
{Heap before GC invocations=95 (full 4):
 PSYoungGen      total 36352K, used 36330K [0x00000000d5580000, 0x00000000d7f00000, 0x0000000100000000)
  eden space 30208K, 100% used [0x00000000d5580000,0x00000000d7300000,0x00000000d7300000)
  from space 6144K, 99% used [0x00000000d7900000,0x00000000d7efa808,0x00000000d7f00000)
  to   space 6144K, 0% used [0x00000000d7300000,0x00000000d7300000,0x00000000d7900000)
 ParOldGen       total 232448K, used 231023K [0x0000000080000000, 0x000000008e300000, 0x00000000d5580000)
  object space 232448K, 99% used [0x0000000080000000,0x000000008e19be50,0x000000008e300000)
 Metaspace       used 55604K, committed 56896K, reserved 1114112K
  class space    used 6194K, committed 6784K, reserved 1048576K
}
Event: 22.978 GC heap after
{Heap after GC invocations=95 (full 4):
 PSYoungGen      total 36352K, used 36330K [0x00000000d5580000, 0x00000000d7f00000, 0x0000000100000000)
  eden space 30208K, 100% used [0x00000000d5580000,0x00000000d7300000,0x00000000d7300000)
  from space 6144K, 99% used [0x00000000d7900000,0x00000000d7efa808,0x00000000d7f00000)
  to   space 6144K, 99% used [0x00000000d7300000,0x00000000d78fdb00,0x00000000d7900000)
 ParOldGen       total 233984K, used 233977K [0x0000000080000000, 0x000000008e480000, 0x00000000d5580000)
  object space 233984K, 99% used [0x0000000080000000,0x000000008e47e6a8,0x000000008e480000)
 Metaspace       used 55604K, committed 56896K, reserved 1114112K
  class space    used 6194K, committed 6784K, reserved 1048576K
}
Event: 22.978 GC heap before
{Heap before GC invocations=96 (full 5):
 PSYoungGen      total 36352K, used 36330K [0x00000000d5580000, 0x00000000d7f00000, 0x0000000100000000)
  eden space 30208K, 100% used [0x00000000d5580000,0x00000000d7300000,0x00000000d7300000)
  from space 6144K, 99% used [0x00000000d7900000,0x00000000d7efa808,0x00000000d7f00000)
  to   space 6144K, 99% used [0x00000000d7300000,0x00000000d78fdb00,0x00000000d7900000)
 ParOldGen       total 233984K, used 233977K [0x0000000080000000, 0x000000008e480000, 0x00000000d5580000)
  object space 233984K, 99% used [0x0000000080000000,0x000000008e47e6a8,0x000000008e480000)
 Metaspace       used 55604K, committed 56896K, reserved 1114112K
  class space    used 6194K, committed 6784K, reserved 1048576K
}
Event: 29.076 GC heap after
{Heap after GC invocations=96 (full 5):
 PSYoungGen      total 36352K, used 8806K [0x00000000d5580000, 0x00000000d7f00000, 0x0000000100000000)
  eden space 30208K, 29% used [0x00000000d5580000,0x00000000d5e199e0,0x00000000d7300000)
  from space 6144K, 0% used [0x00000000d7300000,0x00000000d7300000,0x00000000d7900000)
  to   space 6144K, 0% used [0x00000000d7900000,0x00000000d7900000,0x00000000d7f00000)
 ParOldGen       total 233984K, used 233967K [0x0000000080000000, 0x000000008e480000, 0x00000000d5580000)
  object space 233984K, 99% used [0x0000000080000000,0x000000008e47bd40,0x000000008e480000)
 Metaspace       used 55604K, committed 56896K, reserved 1114112K
  class space    used 6194K, committed 6784K, reserved 1048576K
}
Event: 29.327 GC heap before
{Heap before GC invocations=97 (full 5):
 PSYoungGen      total 36352K, used 30208K [0x00000000d5580000, 0x00000000d7f00000, 0x0000000100000000)
  eden space 30208K, 100% used [0x00000000d5580000,0x00000000d7300000,0x00000000d7300000)
  from space 6144K, 0% used [0x00000000d7300000,0x00000000d7300000,0x00000000d7900000)
  to   space 6144K, 0% used [0x00000000d7900000,0x00000000d7900000,0x00000000d7f00000)
 ParOldGen       total 233984K, used 233967K [0x0000000080000000, 0x000000008e480000, 0x00000000d5580000)
  object space 233984K, 99% used [0x0000000080000000,0x000000008e47bd40,0x000000008e480000)
 Metaspace       used 55608K, committed 56896K, reserved 1114112K
  class space    used 6194K, committed 6784K, reserved 1048576K
}
Event: 29.442 GC heap after
{Heap after GC invocations=97 (full 5):
 PSYoungGen      total 35840K, used 6011K [0x00000000d5580000, 0x00000000d8100000, 0x0000000100000000)
  eden space 29696K, 0% used [0x00000000d5580000,0x00000000d5580000,0x00000000d7280000)
  from space 6144K, 97% used [0x00000000d7900000,0x00000000d7edefe0,0x00000000d7f00000)
  to   space 6656K, 0% used [0x00000000d7280000,0x00000000d7280000,0x00000000d7900000)
 ParOldGen       total 243200K, used 242812K [0x0000000080000000, 0x000000008ed80000, 0x00000000d5580000)
  object space 243200K, 99% used [0x0000000080000000,0x000000008ed1f200,0x000000008ed80000)
 Metaspace       used 55608K, committed 56896K, reserved 1114112K
  class space    used 6194K, committed 6784K, reserved 1048576K
}
Event: 29.524 GC heap before
{Heap before GC invocations=98 (full 5):
 PSYoungGen      total 35840K, used 35707K [0x00000000d5580000, 0x00000000d8100000, 0x0000000100000000)
  eden space 29696K, 100% used [0x00000000d5580000,0x00000000d7280000,0x00000000d7280000)
  from space 6144K, 97% used [0x00000000d7900000,0x00000000d7edefe0,0x00000000d7f00000)
  to   space 6656K, 0% used [0x00000000d7280000,0x00000000d7280000,0x00000000d7900000)
 ParOldGen       total 243200K, used 242812K [0x0000000080000000, 0x000000008ed80000, 0x00000000d5580000)
  object space 243200K, 99% used [0x0000000080000000,0x000000008ed1f200,0x000000008ed80000)
 Metaspace       used 55608K, committed 56896K, reserved 1114112K
  class space    used 6194K, committed 6784K, reserved 1048576K
}
Event: 29.552 GC heap after
{Heap after GC invocations=98 (full 5):
 PSYoungGen      total 36352K, used 6650K [0x00000000d5580000, 0x00000000d8100000, 0x0000000100000000)
  eden space 29696K, 0% used [0x00000000d5580000,0x00000000d5580000,0x00000000d7280000)
  from space 6656K, 99% used [0x00000000d7280000,0x00000000d78feae8,0x00000000d7900000)
  to   space 6144K, 0% used [0x00000000d7900000,0x00000000d7900000,0x00000000d7f00000)
 ParOldGen       total 252416K, used 252317K [0x0000000080000000, 0x000000008f680000, 0x00000000d5580000)
  object space 252416K, 99% used [0x0000000080000000,0x000000008f667608,0x000000008f680000)
 Metaspace       used 55608K, committed 56896K, reserved 1114112K
  class space    used 6194K, committed 6784K, reserved 1048576K
}
Event: 29.648 GC heap before
{Heap before GC invocations=99 (full 5):
 PSYoungGen      total 36352K, used 36346K [0x00000000d5580000, 0x00000000d8100000, 0x0000000100000000)
  eden space 29696K, 100% used [0x00000000d5580000,0x00000000d7280000,0x00000000d7280000)
  from space 6656K, 99% used [0x00000000d7280000,0x00000000d78feae8,0x00000000d7900000)
  to   space 6144K, 0% used [0x00000000d7900000,0x00000000d7900000,0x00000000d7f00000)
 ParOldGen       total 252416K, used 252317K [0x0000000080000000, 0x000000008f680000, 0x00000000d5580000)
  object space 252416K, 99% used [0x0000000080000000,0x000000008f667608,0x000000008f680000)
 Metaspace       used 55608K, committed 56896K, reserved 1114112K
  class space    used 6194K, committed 6784K, reserved 1048576K
}
Event: 29.665 GC heap after
{Heap after GC invocations=99 (full 5):
 PSYoungGen      total 36352K, used 36346K [0x00000000d5580000, 0x00000000d8100000, 0x0000000100000000)
  eden space 29696K, 100% used [0x00000000d5580000,0x00000000d7280000,0x00000000d7280000)
  from space 6656K, 99% used [0x00000000d7280000,0x00000000d78feae8,0x00000000d7900000)
  to   space 6144K, 99% used [0x00000000d7900000,0x00000000d7efede8,0x00000000d7f00000)
 ParOldGen       total 254464K, used 254456K [0x0000000080000000, 0x000000008f880000, 0x00000000d5580000)
  object space 254464K, 99% used [0x0000000080000000,0x000000008f87e298,0x000000008f880000)
 Metaspace       used 55608K, committed 56896K, reserved 1114112K
  class space    used 6194K, committed 6784K, reserved 1048576K
}
Event: 29.665 GC heap before
{Heap before GC invocations=100 (full 6):
 PSYoungGen      total 36352K, used 36346K [0x00000000d5580000, 0x00000000d8100000, 0x0000000100000000)
  eden space 29696K, 100% used [0x00000000d5580000,0x00000000d7280000,0x00000000d7280000)
  from space 6656K, 99% used [0x00000000d7280000,0x00000000d78feae8,0x00000000d7900000)
  to   space 6144K, 99% used [0x00000000d7900000,0x00000000d7efede8,0x00000000d7f00000)
 ParOldGen       total 254464K, used 254456K [0x0000000080000000, 0x000000008f880000, 0x00000000d5580000)
  object space 254464K, 99% used [0x0000000080000000,0x000000008f87e298,0x000000008f880000)
 Metaspace       used 55608K, committed 56896K, reserved 1114112K
  class space    used 6194K, committed 6784K, reserved 1048576K
}
Event: 33.377 GC heap after
{Heap after GC invocations=100 (full 6):
 PSYoungGen      total 35840K, used 14914K [0x00000000d5580000, 0x00000000d9700000, 0x0000000100000000)
  eden space 29696K, 50% used [0x00000000d5580000,0x00000000d64108e0,0x00000000d7280000)
  from space 6144K, 0% used [0x00000000d7900000,0x00000000d7900000,0x00000000d7f00000)
  to   space 6656K, 0% used [0x00000000d7280000,0x00000000d7280000,0x00000000d7900000)
 ParOldGen       total 254464K, used 254405K [0x0000000080000000, 0x000000008f880000, 0x00000000d5580000)
  object space 254464K, 99% used [0x0000000080000000,0x000000008f871620,0x000000008f880000)
 Metaspace       used 55608K, committed 56896K, reserved 1114112K
  class space    used 6194K, committed 6784K, reserved 1048576K
}

