# JRE version: OpenJDK Runtime Environment Temurin-21.0.8+9 (21.0.8+9) (build 21.0.8+9-LTS)
# Java VM: OpenJDK 64-Bit Server VM Temurin-21.0.8+9 (21.0.8+9-LTS, mixed mode, sharing, tiered, compressed oops, compressed class ptrs, parallel gc, windows-amd64)
GC Precious Log:
 CardTable entry size: 512
 CPUs: 12 total, 12 available
 Memory: 16055M
 Large Page Support: Disabled
 NUMA Support: Disabled
 Compressed Oops: Enabled (32-bit)
 Alignments: Space 512K, Generation 512K, Heap 2M
 Heap Min Capacity: 100M
 Heap Initial Capacity: 100M
 Heap Max Capacity: 2G
 Pre-touch: Disabled
 Parallel Workers: 10
Heap:
 PSYoungGen      total 15360K, used 1871K [0x00000000d5580000, 0x00000000d6900000, 0x0000000100000000)
  eden space 14848K, 9% used [0x00000000d5580000,0x00000000d56d4040,0x00000000d6400000)
  from space 512K, 99% used [0x00000000d6880000,0x00000000d68ffe90,0x00000000d6900000)
  to   space 2560K, 0% used [0x00000000d6400000,0x00000000d6400000,0x00000000d6680000)
 ParOldGen       total 68608K, used 47519K [0x0000000080000000, 0x0000000084300000, 0x00000000d5580000)
  object space 68608K, 69% used [0x0000000080000000,0x0000000082e67f08,0x0000000084300000)
 Metaspace       used 65353K, committed 66688K, reserved 1114112K
  class space    used 7148K, committed 7744K, reserved 1048576K
GC Heap History (20 events):
Event: 1311.447 GC heap before
{Heap before GC invocations=34 (full 3):
 PSYoungGen      total 25088K, used 24770K [0x00000000d5580000, 0x00000000d7180000, 0x0000000100000000)
  eden space 22016K, 100% used [0x00000000d5580000,0x00000000d6b00000,0x00000000d6b00000)
  from space 3072K, 89% used [0x00000000d6e80000,0x00000000d7130820,0x00000000d7180000)
  to   space 3072K, 0% used [0x00000000d6b80000,0x00000000d6b80000,0x00000000d6e80000)
 ParOldGen       total 68608K, used 30298K [0x0000000080000000, 0x0000000084300000, 0x00000000d5580000)
  object space 68608K, 44% used [0x0000000080000000,0x0000000081d968b8,0x0000000084300000)
 Metaspace       used 58755K, committed 60032K, reserved 1114112K
  class space    used 6523K, committed 7104K, reserved 1048576K
}
Event: 1311.451 GC heap after
{Heap after GC invocations=34 (full 3):
 PSYoungGen      total 24576K, used 2340K [0x00000000d5580000, 0x00000000d7000000, 0x0000000100000000)
  eden space 22016K, 0% used [0x00000000d5580000,0x00000000d5580000,0x00000000d6b00000)
  from space 2560K, 91% used [0x00000000d6b80000,0x00000000d6dc9000,0x00000000d6e00000)
  to   space 2048K, 0% used [0x00000000d6e00000,0x00000000d6e00000,0x00000000d7000000)
 ParOldGen       total 68608K, used 32819K [0x0000000080000000, 0x0000000084300000, 0x00000000d5580000)
  object space 68608K, 47% used [0x0000000080000000,0x000000008200cf70,0x0000000084300000)
 Metaspace       used 58755K, committed 60032K, reserved 1114112K
  class space    used 6523K, committed 7104K, reserved 1048576K
}
Event: 1311.527 GC heap before
{Heap before GC invocations=35 (full 3):
 PSYoungGen      total 24576K, used 24356K [0x00000000d5580000, 0x00000000d7000000, 0x0000000100000000)
  eden space 22016K, 100% used [0x00000000d5580000,0x00000000d6b00000,0x00000000d6b00000)
  from space 2560K, 91% used [0x00000000d6b80000,0x00000000d6dc9000,0x00000000d6e00000)
  to   space 2048K, 0% used [0x00000000d6e00000,0x00000000d6e00000,0x00000000d7000000)
 ParOldGen       total 68608K, used 32819K [0x0000000080000000, 0x0000000084300000, 0x00000000d5580000)
  object space 68608K, 47% used [0x0000000080000000,0x000000008200cf70,0x0000000084300000)
 Metaspace       used 58774K, committed 60032K, reserved 1114112K
  class space    used 6523K, committed 7104K, reserved 1048576K
}
Event: 1311.531 GC heap after
{Heap after GC invocations=35 (full 3):
 PSYoungGen      total 22016K, used 2016K [0x00000000d5580000, 0x00000000d7500000, 0x0000000100000000)
  eden space 19968K, 0% used [0x00000000d5580000,0x00000000d5580000,0x00000000d6900000)
  from space 2048K, 98% used [0x00000000d6e00000,0x00000000d6ff8010,0x00000000d7000000)
  to   space 5120K, 0% used [0x00000000d6900000,0x00000000d6900000,0x00000000d6e00000)
 ParOldGen       total 68608K, used 35393K [0x0000000080000000, 0x0000000084300000, 0x00000000d5580000)
  object space 68608K, 51% used [0x0000000080000000,0x0000000082290598,0x0000000084300000)
 Metaspace       used 58774K, committed 60032K, reserved 1114112K
  class space    used 6523K, committed 7104K, reserved 1048576K
}
Event: 1311.607 GC heap before
{Heap before GC invocations=36 (full 3):
 PSYoungGen      total 22016K, used 21984K [0x00000000d5580000, 0x00000000d7500000, 0x0000000100000000)
  eden space 19968K, 100% used [0x00000000d5580000,0x00000000d6900000,0x00000000d6900000)
  from space 2048K, 98% used [0x00000000d6e00000,0x00000000d6ff8010,0x00000000d7000000)
  to   space 5120K, 0% used [0x00000000d6900000,0x00000000d6900000,0x00000000d6e00000)
 ParOldGen       total 68608K, used 35393K [0x0000000080000000, 0x0000000084300000, 0x00000000d5580000)
  object space 68608K, 51% used [0x0000000080000000,0x0000000082290598,0x0000000084300000)
 Metaspace       used 58800K, committed 60032K, reserved 1114112K
  class space    used 6523K, committed 7104K, reserved 1048576K
}
Event: 1311.611 GC heap after
{Heap after GC invocations=36 (full 3):
 PSYoungGen      total 22528K, used 2072K [0x00000000d5580000, 0x00000000d6f00000, 0x0000000100000000)
  eden space 19968K, 0% used [0x00000000d5580000,0x00000000d5580000,0x00000000d6900000)
  from space 2560K, 80% used [0x00000000d6900000,0x00000000d6b06200,0x00000000d6b80000)
  to   space 3072K, 0% used [0x00000000d6c00000,0x00000000d6c00000,0x00000000d6f00000)
 ParOldGen       total 68608K, used 37449K [0x0000000080000000, 0x0000000084300000, 0x00000000d5580000)
  object space 68608K, 54% used [0x0000000080000000,0x00000000824925a8,0x0000000084300000)
 Metaspace       used 58800K, committed 60032K, reserved 1114112K
  class space    used 6523K, committed 7104K, reserved 1048576K
}
Event: 1311.919 GC heap before
{Heap before GC invocations=37 (full 3):
 PSYoungGen      total 22528K, used 22040K [0x00000000d5580000, 0x00000000d6f00000, 0x0000000100000000)
  eden space 19968K, 100% used [0x00000000d5580000,0x00000000d6900000,0x00000000d6900000)
  from space 2560K, 80% used [0x00000000d6900000,0x00000000d6b06200,0x00000000d6b80000)
  to   space 3072K, 0% used [0x00000000d6c00000,0x00000000d6c00000,0x00000000d6f00000)
 ParOldGen       total 68608K, used 37449K [0x0000000080000000, 0x0000000084300000, 0x00000000d5580000)
  object space 68608K, 54% used [0x0000000080000000,0x00000000824925a8,0x0000000084300000)
 Metaspace       used 60348K, committed 61632K, reserved 1114112K
  class space    used 6662K, committed 7232K, reserved 1048576K
}
Event: 1311.923 GC heap after
{Heap after GC invocations=37 (full 3):
 PSYoungGen      total 17920K, used 3061K [0x00000000d5580000, 0x00000000d7900000, 0x0000000100000000)
  eden space 14848K, 0% used [0x00000000d5580000,0x00000000d5580000,0x00000000d6400000)
  from space 3072K, 99% used [0x00000000d6c00000,0x00000000d6efd710,0x00000000d6f00000)
  to   space 8192K, 0% used [0x00000000d6400000,0x00000000d6400000,0x00000000d6c00000)
 ParOldGen       total 68608K, used 41345K [0x0000000080000000, 0x0000000084300000, 0x00000000d5580000)
  object space 68608K, 60% used [0x0000000080000000,0x00000000828604b0,0x0000000084300000)
 Metaspace       used 60348K, committed 61632K, reserved 1114112K
  class space    used 6662K, committed 7232K, reserved 1048576K
}
Event: 1311.976 GC heap before
{Heap before GC invocations=38 (full 3):
 PSYoungGen      total 17920K, used 17896K [0x00000000d5580000, 0x00000000d7900000, 0x0000000100000000)
  eden space 14848K, 99% used [0x00000000d5580000,0x00000000d63fcb00,0x00000000d6400000)
  from space 3072K, 99% used [0x00000000d6c00000,0x00000000d6efd710,0x00000000d6f00000)
  to   space 8192K, 0% used [0x00000000d6400000,0x00000000d6400000,0x00000000d6c00000)
 ParOldGen       total 68608K, used 41345K [0x0000000080000000, 0x0000000084300000, 0x00000000d5580000)
  object space 68608K, 60% used [0x0000000080000000,0x00000000828604b0,0x0000000084300000)
 Metaspace       used 60446K, committed 61760K, reserved 1114112K
  class space    used 6672K, committed 7232K, reserved 1048576K
}
Event: 1311.979 GC heap after
{Heap after GC invocations=38 (full 3):
 PSYoungGen      total 15872K, used 987K [0x00000000d5580000, 0x00000000d6c80000, 0x0000000100000000)
  eden space 14848K, 0% used [0x00000000d5580000,0x00000000d5580000,0x00000000d6400000)
  from space 1024K, 96% used [0x00000000d6400000,0x00000000d64f6e78,0x00000000d6500000)
  to   space 3584K, 0% used [0x00000000d6900000,0x00000000d6900000,0x00000000d6c80000)
 ParOldGen       total 68608K, used 44450K [0x0000000080000000, 0x0000000084300000, 0x00000000d5580000)
  object space 68608K, 64% used [0x0000000080000000,0x0000000082b68818,0x0000000084300000)
 Metaspace       used 60446K, committed 61760K, reserved 1114112K
  class space    used 6672K, committed 7232K, reserved 1048576K
}
Event: 1312.019 GC heap before
{Heap before GC invocations=39 (full 3):
 PSYoungGen      total 15872K, used 15835K [0x00000000d5580000, 0x00000000d6c80000, 0x0000000100000000)
  eden space 14848K, 100% used [0x00000000d5580000,0x00000000d6400000,0x00000000d6400000)
  from space 1024K, 96% used [0x00000000d6400000,0x00000000d64f6e78,0x00000000d6500000)
  to   space 3584K, 0% used [0x00000000d6900000,0x00000000d6900000,0x00000000d6c80000)
 ParOldGen       total 68608K, used 44450K [0x0000000080000000, 0x0000000084300000, 0x00000000d5580000)
  object space 68608K, 64% used [0x0000000080000000,0x0000000082b68818,0x0000000084300000)
 Metaspace       used 60458K, committed 61760K, reserved 1114112K
  class space    used 6672K, committed 7232K, reserved 1048576K
}
Event: 1312.020 GC heap after
{Heap after GC invocations=39 (full 3):
 PSYoungGen      total 15872K, used 726K [0x00000000d5580000, 0x00000000d6a00000, 0x0000000100000000)
  eden space 14848K, 0% used [0x00000000d5580000,0x00000000d5580000,0x00000000d6400000)
  from space 1024K, 70% used [0x00000000d6900000,0x00000000d69b5ac0,0x00000000d6a00000)
  to   space 1536K, 0% used [0x00000000d6700000,0x00000000d6700000,0x00000000d6880000)
 ParOldGen       total 68608K, used 44891K [0x0000000080000000, 0x0000000084300000, 0x00000000d5580000)
  object space 68608K, 65% used [0x0000000080000000,0x0000000082bd6c08,0x0000000084300000)
 Metaspace       used 60458K, committed 61760K, reserved 1114112K
  class space    used 6672K, committed 7232K, reserved 1048576K
}
Event: 1312.237 GC heap before
{Heap before GC invocations=40 (full 3):
 PSYoungGen      total 15872K, used 15574K [0x00000000d5580000, 0x00000000d6a00000, 0x0000000100000000)
  eden space 14848K, 100% used [0x00000000d5580000,0x00000000d6400000,0x00000000d6400000)
  from space 1024K, 70% used [0x00000000d6900000,0x00000000d69b5ac0,0x00000000d6a00000)
  to   space 1536K, 0% used [0x00000000d6700000,0x00000000d6700000,0x00000000d6880000)
 ParOldGen       total 68608K, used 44891K [0x0000000080000000, 0x0000000084300000, 0x00000000d5580000)
  object space 68608K, 65% used [0x0000000080000000,0x0000000082bd6c08,0x0000000084300000)
 Metaspace       used 61658K, committed 62976K, reserved 1114112K
  class space    used 6789K, committed 7360K, reserved 1048576K
}
Event: 1312.238 GC heap after
{Heap after GC invocations=40 (full 3):
 PSYoungGen      total 16384K, used 320K [0x00000000d5580000, 0x00000000d6980000, 0x0000000100000000)
  eden space 14848K, 0% used [0x00000000d5580000,0x00000000d5580000,0x00000000d6400000)
  from space 1536K, 20% used [0x00000000d6700000,0x00000000d6750010,0x00000000d6880000)
  to   space 1024K, 0% used [0x00000000d6880000,0x00000000d6880000,0x00000000d6980000)
 ParOldGen       total 68608K, used 44955K [0x0000000080000000, 0x0000000084300000, 0x00000000d5580000)
  object space 68608K, 65% used [0x0000000080000000,0x0000000082be6c08,0x0000000084300000)
 Metaspace       used 61658K, committed 62976K, reserved 1114112K
  class space    used 6789K, committed 7360K, reserved 1048576K
}
Event: 1312.849 GC heap before
{Heap before GC invocations=41 (full 3):
 PSYoungGen      total 16384K, used 15168K [0x00000000d5580000, 0x00000000d6980000, 0x0000000100000000)
  eden space 14848K, 100% used [0x00000000d5580000,0x00000000d6400000,0x00000000d6400000)
  from space 1536K, 20% used [0x00000000d6700000,0x00000000d6750010,0x00000000d6880000)
  to   space 1024K, 0% used [0x00000000d6880000,0x00000000d6880000,0x00000000d6980000)
 ParOldGen       total 68608K, used 44955K [0x0000000080000000, 0x0000000084300000, 0x00000000d5580000)
  object space 68608K, 65% used [0x0000000080000000,0x0000000082be6c08,0x0000000084300000)
 Metaspace       used 62297K, committed 63616K, reserved 1114112K
  class space    used 6869K, committed 7488K, reserved 1048576K
}
Event: 1312.850 GC heap after
{Heap after GC invocations=41 (full 3):
 PSYoungGen      total 15360K, used 448K [0x00000000d5580000, 0x00000000d6900000, 0x0000000100000000)
  eden space 14848K, 0% used [0x00000000d5580000,0x00000000d5580000,0x00000000d6400000)
  from space 512K, 87% used [0x00000000d6880000,0x00000000d68f0010,0x00000000d6900000)
  to   space 512K, 0% used [0x00000000d6800000,0x00000000d6800000,0x00000000d6880000)
 ParOldGen       total 68608K, used 45091K [0x0000000080000000, 0x0000000084300000, 0x00000000d5580000)
  object space 68608K, 65% used [0x0000000080000000,0x0000000082c08c08,0x0000000084300000)
 Metaspace       used 62297K, committed 63616K, reserved 1114112K
  class space    used 6869K, committed 7488K, reserved 1048576K
}
Event: 1313.162 GC heap before
{Heap before GC invocations=42 (full 3):
 PSYoungGen      total 15360K, used 14605K [0x00000000d5580000, 0x00000000d6900000, 0x0000000100000000)
  eden space 14848K, 95% used [0x00000000d5580000,0x00000000d63536f0,0x00000000d6400000)
  from space 512K, 87% used [0x00000000d6880000,0x00000000d68f0010,0x00000000d6900000)
  to   space 512K, 0% used [0x00000000d6800000,0x00000000d6800000,0x00000000d6880000)
 ParOldGen       total 68608K, used 45091K [0x0000000080000000, 0x0000000084300000, 0x00000000d5580000)
  object space 68608K, 65% used [0x0000000080000000,0x0000000082c08c08,0x0000000084300000)
 Metaspace       used 63346K, committed 64704K, reserved 1114112K
  class space    used 6964K, committed 7552K, reserved 1048576K
}
Event: 1313.164 GC heap after
{Heap after GC invocations=42 (full 3):
 PSYoungGen      total 15360K, used 448K [0x00000000d5580000, 0x00000000d6900000, 0x0000000100000000)
  eden space 14848K, 0% used [0x00000000d5580000,0x00000000d5580000,0x00000000d6400000)
  from space 512K, 87% used [0x00000000d6800000,0x00000000d6870000,0x00000000d6880000)
  to   space 512K, 0% used [0x00000000d6880000,0x00000000d6880000,0x00000000d6900000)
 ParOldGen       total 68608K, used 46072K [0x0000000080000000, 0x0000000084300000, 0x00000000d5580000)
  object space 68608K, 67% used [0x0000000080000000,0x0000000082cfe118,0x0000000084300000)
 Metaspace       used 63346K, committed 64704K, reserved 1114112K
  class space    used 6964K, committed 7552K, reserved 1048576K
}
Event: 1313.518 GC heap before
{Heap before GC invocations=43 (full 3):
 PSYoungGen      total 15360K, used 15286K [0x00000000d5580000, 0x00000000d6900000, 0x0000000100000000)
  eden space 14848K, 99% used [0x00000000d5580000,0x00000000d63fdba0,0x00000000d6400000)
  from space 512K, 87% used [0x00000000d6800000,0x00000000d6870000,0x00000000d6880000)
  to   space 512K, 0% used [0x00000000d6880000,0x00000000d6880000,0x00000000d6900000)
 ParOldGen       total 68608K, used 46072K [0x0000000080000000, 0x0000000084300000, 0x00000000d5580000)
  object space 68608K, 67% used [0x0000000080000000,0x0000000082cfe118,0x0000000084300000)
 Metaspace       used 65288K, committed 66560K, reserved 1114112K
  class space    used 7142K, committed 7744K, reserved 1048576K
}
Event: 1313.520 GC heap after
{Heap after GC invocations=43 (full 3):
 PSYoungGen      total 15360K, used 511K [0x00000000d5580000, 0x00000000d6900000, 0x0000000100000000)
  eden space 14848K, 0% used [0x00000000d5580000,0x00000000d5580000,0x00000000d6400000)
  from space 512K, 99% used [0x00000000d6880000,0x00000000d68ffe90,0x00000000d6900000)
  to   space 2560K, 0% used [0x00000000d6400000,0x00000000d6400000,0x00000000d6680000)
 ParOldGen       total 68608K, used 47519K [0x0000000080000000, 0x0000000084300000, 0x00000000d5580000)
  object space 68608K, 69% used [0x0000000080000000,0x0000000082e67f08,0x0000000084300000)
 Metaspace       used 65288K, committed 66560K, reserved 1114112K
  class space    used 7142K, committed 7744K, reserved 1048576K
}

